BEGIN BLOCK
BEGIN HEADER
5feceb66ffc86f38d952786c6d696c79c2dbc239dd4e91b46729d73a27fb57e9
52e6f71eeca734bbc7afc3e40a5d174a69ca7aaf062fdbb9e88163f8474b1ff1
1727910904.320688
340282366920938463463374607431768211455
1e2b34084
END HEADER
fc91428771e2b031cd46b0478ce20a7af0b110d4 1311994
fc91428771e24948940493078ce20a7af0b110d4 58430958
fc91428771jvnvg3ufnw3urn3n0b110d4oe2kn4r 3922934
fc91428771e2b031cd4erjivbeijveijvnejno40 3224
fc91428771e2b03ekrjnf4oun4u4943fnvjvrjd4 3924934933
krjevekvjv34fn4j3ofnb0478ce20a7af0b110d4 20203448
ir3uv3r9vnuruinv3runv3porvn3rjnrovnlsfvj 283
ipjrvk3rjvwn3ornf3ojfijfwpreofj3projf3fj 29344
ipjrvk3rjvwn3orn338338398dhdh3j3projf3fj 39234
END BLOCK
BEGIN BLOCK
BEGIN HEADER
5feceb66ffc86f38d952786c6d696c79c2dbc239dd4e91b46729d73a27fb57e9
52e6f71eeca734bbc7afc3e40a5d174a69ca7aaf062fdbb9e88163f8474b1ff1
1727910904.321263
340282366920938463463374607431768211455
1e2b34084
END HEADER
fc91428771e2b031cd46b0478ce20a7af0b110d4 1311994
fc91428771e24948940493078ce20a7af0b110d4 58430958
fc91428771jvnvg3ufnw3urn3n0b110d4oe2kn4r 3922934
fc91428771e2b031cd4erjivbeijveijvnejno40 3224
fc91428771e2b03ekrjnf4oun4u4943fnvjvrjd4 3924934933
krjevekvjv34fn4j3ofnb0478ce20a7af0b110d4 20203448
ir3uv3r9vnuruinv3runv3porvn3rjnrovnlsfvj 283
ipjrvk3rjvwn3ornf3ojfijfwpreofj3projf3fj 29344
ipjrvk3rjvwn3orn338338398dhdh3j3projf3fj 39234
END BLOCK
