BEGIN BLOCK
BEGIN HEADER
5feceb66ffc86f38d952786c6d696c79c2dbc239dd4e91b46729d73a27fb57e9
0b00a3720c97288ade6a81c9547f998d804d1d4a823cca9bce7d24421edfaf89
1729186671.9583712
340282366920938463463374607431768211455
0
END HEADER
665b5e39dff6e780bd26d98cf2a9afd19b12ecad 55707
9f32a5bad86ac031750d810f3e290d058a4c55d5 93178
a95ee6aa1f825543e18578776638f82dce4262fe 20554
54398e322fd7cd65d919dd65a9c22720c23c7fb7 25313
59d47c3eb0eadacd861dc01f6bfd856e91d4136f 3960
6b8a913ab8805ef5698bb5478e7bc424831b54a3 24373
63aa081d356ad4fa3046df3e02276c88e685c8d7 32705
6bd967f0acd305f17283d348d20dbd0642cda59f 85870
b0a87906d19b255c19cbdfa5531e36d2af92e69f 71679
fa10306830c7c46bcdc7f3dfb031475c6f36a931 95921
ad8ae0c4a78ab4edcfac496400c6d9c1bb6536eb 91973
f491d5120aea2cc3ecc25510d4f3da98b3af775a 99951
3c28b83e7d4aa370313e77812a80a892e8eab7ec 88438
72ae5d6817ca17641f4f94151b8900d90bc5f4fc 76570
0d666eb99b27f9381595f08d0c49129ef6c16b42 20861
0ea914648d3975aa210e36ac0c6ca71fd40cdaf9 95337
6ec3efa01049278730910762777fa4064f707e51 10191
fa83b10c1d23936a817687d0cf19ea161a00e9c0 99477
7a96d1dbd24a552803f66fa1a858aa76a3a819ed 65641
094c561b89a1cba2dd87d35c5faf8d7ec6bb2d77 73466
ab4736c47dbbfae5479b7b28678c15e83c640d2b 3887
5d3dd967e3f581e158ed966a3b07bd41660671c6 76516
98dc904b62a81eaab54e7182019a60a4a92e080d 14749
c3cc7f7bbb579d26fff3c00fffeff4116703f33a 46934
8e3291134bf8843bbe2adeac58378832037661af 94309
43a1dc6067f83b84d92966e9f6dab95a718b8145 54204
081ee24e180577f5849f31760e578f5fb6f55845 46530
bf4a235e8cdb73909c9452fadb954ae7763c044c 76142
107eff61c5ce67cb7c280c8a89bd564131a3f9e3 23548
69d854f1b5e8242aa0f081bd4ee1424057e1b0fa 72642
END BLOCK


BEGIN BLOCK
BEGIN HEADER
5feceb66ffc86f38d952786c6d696c79c2dbc239dd4e91b46729d73a27fb57e9
687aacf0359e70525592c58ccf7735fc0889cac90bb9e3807c795501630f3ddd
1729186671.958681
340282366920938463463374607431768211455
0
END HEADER
fd6a7580bcbb7cf262f38d16d6633e27624adb20 92157
9ca61ec618ea2a49ba5c67e6285f5211dd64aade 81376
7382ac2727fde78b224f58f6e58d0202a53db556 33668
fe053dd4e7cc0b0bfca522f188bddf9f8bf309d4 90020
529a1a0d1e3a36f477f2e0cf0de398fd3236cf0c 46398
cb43fc9499b7fc042bc8d3e9913be2a769589ce3 45734
3f2714053b44c0588a6a5b26d8b6281f98c24acb 77019
2134eb94cba3b14c6ff97f74a3b12383543b36b6 50143
b3e276892723026ff39c3c9761da0223c2738fbb 564
bb286ea028039637aea2e0563eea5f0847314193 72349
e91c68f87d650241bd2ccc189d978fe941a7b1f0 81345
2f390317af79686f24b74022f6773c3454b903d8 30466
6b7180da9f18794a605581640c01a6b47be8a306 89666
8192b8b84fb3ea21025d1f4170370925d92258ad 86191
4212e4e6b7c02adb914b99c095f46bb5b669965f 73808
232385ec2751ce62d4123b17263f808f45b505ea 25383
89c9d3181adf5399ad3a9b7ff594af525d2cfa4b 11803
76266771624d8eb375c4d13d8323882fd55408a4 94484
1b03866e53d2f01da31f282addde531502609580 41889
e5ae1ed1c999a377aedc2fb80959cbe05edc8bb1 2964
END BLOCK


BEGIN BLOCK
BEGIN HEADER
5feceb66ffc86f38d952786c6d696c79c2dbc239dd4e91b46729d73a27fb57e9
b781c8c4b7d4660f38e1e4d676c5a9c25c1c43f33a3243464a35c8c6ea3fb04b
1729186671.9589682
340282366920938463463374607431768211455
0
END HEADER
3c8d18780c402b632991dc1228aca8ae914b2360 27149
c9411a8d0172977f20976a37841699f7bb0d6b34 68517
354c42da6781598cadf500f521be2023f6f264af 59743
08e190e63d4e1a91b8a4cc949e8a8957c67dd9ad 32161
5692dce53627e324367860aad0b73887d5768d4d 47773
c18de4ad5dd873dc3bb61806b0ee3256bbc9b3c4 76017
9cb0c7d63ce9078c3ceade469de6e4095a73ad20 41745
226faa2f871adf88d7a7ef962c7a6fe09f654d2e 70817
b5f3fdd7c636150b33374a191b8afcfcaf8ef831 60152
9fec7c826470a1afe3cf00921e33836369a6b2b6 8271
4ef4ca303b7e28fb1382e864dfbf8e05bf074fdc 78351
67377d28cd9b74cd1e1cb9fdabdd75403d16ff92 88901
f716cba6290b8b004ad9b41f95d5fabdeb26ca03 4018
0d26f116d4075d002cb5ec8a5e3b4a8db8c7cc85 84889
af62f8a5eed541dabf87ff28020240caa1e80428 67729
299ac1c35ec138f70e4d0ae2396d9276fa4b32e6 3808
7121f1e6a8e20a2a351975145be8f9ca4068970d 51386
3537f9d29ec512ea73e3cd21e561d3cd62ce29ee 71439
7ee04ed1b33b4485cfcb44fe147e54e979c410f1 62008
62c18f4e35a30f2b59ef765c7daf204e2569f510 40076
94f49ee0327c7cab099b6d8dcd932cdf1a884f21 9367
0e1bbef74685b41ca6651e5601469ad0bc3bb0a7 85784
0b3d877c138d2e3b25be20a237fa924a2eb26b59 19735
d251d8160f14f06ed33a3c7a14bd9cdab33619f8 77381
f7eced94e799aebd891852a972a411f964033476 85928
34e3686f37564063e89eb46951a2dfbe3b648e4f 70854
ba2db5eccd8b8dad6d36735cf121850e58488aaf 2871
71ec391719b994814206f83fdb86be75b893397b 78583
4d57d2f6da10cc30c1a1e0a4b23f080b552acfbe 16095
END BLOCK


