BEGIN BLOCK
BEGIN HEADER
5feceb66ffc86f38d952786c6d696c79c2dbc239dd4e91b46729d73a27fb57e9
ed942fa29708ea30f5015b214fd84dc67f96614a4a39e08ed06cea7eb9d33a8d
1729257918.4450839
340282366920938463463374607431768211455
0
END HEADER
3dc80bec599657e7caa6e8d0e1fa4c0e5f23d44e 49473
20ccbf9073f3714a1baaa57291ebb28efbc90fca 32516
4b77ec22d934f0833a275a0439f6ed7f41476c56 29851
3f8255d4ed114245e89c3dc9f307947f2bcfde44 76544
6e868bfd8572d0f39f1d83d67d210316df918865 33653
a681b6f6d8aab34c3f3d2694f23f4ac1baf8d826 95783
607ab91520d98fd1fd4c5323de95455d75abf031 35180
43150cd4ddd8825141f0607871a45258a9fbd19e 46030
ee6438d8ef9c6c3b5d8e355b85732f918efcabe3 81542
17c081fd7bb9f537929c3f1a32e26eca97e2b47c 28777
5a8399774ae3b907e6402f262989fb57fb76f0f2 47710
f4ed65230a0bd6c105c50127e62df7985a269eb2 63248
94e60aa5cdd3e424749eac7f315a791284e2fa36 71466
928439af79736180877571173ad76c9262aa3f54 6534
7e3f3fad4f8f2dc8e39b0ed1a27e2539a7cd6e22 60199
0cf68361ccf31aab1a36f71495c3dd415bbfb6ca 28308
3f256e21906a2e39483ce7edcc326677471a411d 83817
9fc8917c6465cb500d81e44a2d539c8aec84ea27 64241
0cac99c4897483792365c728f3b813fd42d3f928 95538
73c387875436dbb7b979bfbc1986733cfd582d90 66741
85bb2296607aeeb5abbbe9d50eeedc13efdcc52b 80884
6bf8c2c30366440a39061d441f5c130ea4353ab3 73323
c6a5ed3b51c779c3f610ec17788c2cd48297c4d8 87561
857764e98a7b3400b6e6efc3a9c917b8ac2c56ff 26055
c295ec44e72c75520de73274dd3e345fa76fbf94 75560
3759a140f325366cd62ae6c50fa1fa462c3488ea 76350
42c7dff6a4959ebb97a50259ac40f4d21f528a01 96601
38b9e8ead85f337e273a71cc4b42e329b891bb6a 5034
02b6ac77ff00381b7eea014ac28e5742abe43dc6 54681
b7386218d4cecd3b54df6aada73d6ed21c83cfce 78682
0f1493cd511107cc52ea04c343ad8934ccaddb09 63321
f472983e44bc5083cf8475d4d41506842d2fa9a2 67097
b79ac338d1a1e90ea785410980fc3ab548569474 92721
47c27db68c980836e4f5dfac6878159f483028cf 24980
c2668405de7265b375a6610f6548072f06b2708b 49048
be80bd5606f5411adbf484367020ecdfd1969ab5 18046
a9b5402c2cb995b80bf93cf5c3adbc4ee0620a1b 93650
e1ef2dce9b66c27636010ab4f23586c8461a49ec 46568
END BLOCK


BEGIN BLOCK
BEGIN HEADER
5feceb66ffc86f38d952786c6d696c79c2dbc239dd4e91b46729d73a27fb57e9
251fffa260956460728ae10a3be56fd878ad4c35cc91aaef64d3fc5e927b4d30
1729257918.4452538
340282366920938463463374607431768211455
0
END HEADER
76104b51cb8c6c62f577ebb26d8b7777e948b901 5828
888ae145e2c677968df56b1e86784a6bda22478d 99664
5d07659b066ad636c3048433350b593a4923b83f 58064
d1073e1088c5c7f0d2e397501ab66c074bb3e87d 88183
021f929a34b15d2d2278dd35dd29cdf11a4e361d 28884
5a69f7e77c2f8247fe6858e27c86131ba0f64e75 52142
ca4f0251fe75904e86bb89874754355b20841b4f 76295
4761c9abc174f2859a6466d826f49433bf52cb3e 1259
b975c38837baf2c669e1e2bf51e5df9db5a425bc 64228
155c17d897d0ede0cd88fa1ebf7bafcfaf22ca47 75573
a6830b8706db8f10fd8b3089db22cfed3bade258 9592
30aee4f40f989c1cb6717a36f21ac65d9bb019a6 40949
78dff6efffffd7b5fd1e8169ad58dd21bddd0442 74744
2b35baa6da4a8afdcd00d3d65a4c3f48eec301c7 66353
ab2cc4db3924d153d288811e5644b61ffa7c631e 4840
fabeb847b92f5c05acd9d65912cdf03ed5187465 74974
4aad2629740a9833b2ee4123fa081bdd652a2182 65832
01a409687f0ca22ac65222d3321340743af57deb 45647
f659d8e66d125079d0dc8ba10cafab1ff2090f8d 80136
464f680f9dc01636eb56da1f2dc733d1f732d77a 83268
055c9619c2e957fcdbfdd20143b7531219387c95 79412
0aa448edc06940f1f3a4b4a15248f1b388ef7b8e 13513
e14ab678fb6685dace995571575c64c344cb3dc9 569
277138f950b336a3cc4e9e3cb9b19eec7185e513 28200
01e7c54f7a7bf58786ecb877ab7f2963e73f1ef3 58536
4c35bef0c8bf832f783ea793f5a4b2a55af74846 31031
701a0bd47fd360b16f76dc21c14f014c39771470 80113
24c76533ab8643655b545d8f74768704e1dd11d5 22431
END BLOCK


BEGIN BLOCK
BEGIN HEADER
5feceb66ffc86f38d952786c6d696c79c2dbc239dd4e91b46729d73a27fb57e9
1567485523b1a587536f5975aa80c206b1defef7b3a1cf633c9f57a505b15c82
1729257918.4454122
340282366920938463463374607431768211455
0
END HEADER
35310711009b99a9a8ef7743da4c39f4f5091d2c 30370
027a437054804dd8bb145d643da22a3f6d613f8a 120
4e94d4e0148b30976d9c0cf71c4f4b20883fb03b 54045
c5956c5af40d506a0bc5cb8dc78377233c6fca5c 13907
34df7e0d9d459f163da8950c66b00822dcd2330f 69040
141d26ad0c12ca18eed53955ea5d23587855537a 21744
832641a3564d61cf1d71a7747ed0f0f0349cb7e4 91948
5041ff030f01cd160eeef2c055fd35641b11a9d5 86597
ba62800799e24f0e729326237c203697015b7064 10055
ff68c11dc6184f93cb78bf0a51a6a2394a76f12f 399
e2b03820c5fe6552f6773b7e01f276f98b446e86 21432
723dd5c1f72259af38c644b60607f5f9055c6701 26850
62f9c5c36540e2f526e4a3a7ae8362e68a12c244 6274
72dd6c52d2d9407a12528588e828ec6b20281234 81280
b6b73b8217b38e6d40ec875ca094e8a8d95d8105 26155
85a1f92b345d63127029ba0c9b61fd8a0ce3b58e 1018
400a1ebd87fa4351927dd3a67ae215bfd1066be0 23627
32c41a4f2d4370fa0358fa26c902ef4b25e0df84 96410
4c08593941c6fc3fb9412047efe0f4eb3eb466b6 11158
153e1639035560a729df599178184da9c14b3a60 18052
4df51d2512050c156b0d65407bcfa2da2e710409 83960
405642f1fe637b8f4ce20f4c38749037729c8c64 53608
1e118bb4205793adf9a3acc5befb1fc0da0fd1b0 22108
90a30b2f9ac6bebda1c4f228947662b22461f107 39587
3b4df90df86742e92b6fa2b21e0ac106a4a8a8fb 74977
b64e1890523b887c8a530ae25587dfa9592e28b7 12398
b252b16201d2f59762eb08871016faa0e9a55576 22783
END BLOCK


